[11:37:15] [ServerMain/INFO]: Environment: Environment[sessionHost=https://sessionserver.mojang.com, servicesHost=https://api.minecraftservices.com, name=PROD]
[11:37:17] [ServerMain/INFO]: Loaded 7 recipes
[11:37:20] [Server thread/INFO]: Starting minecraft server version 1.20.4
[11:37:20] [Server thread/INFO]: Loading properties
[11:37:20] [Server thread/INFO]: This server is running CraftBukkit version 4010-Spigot-864e4ac-76931e8 (MC: 1.20.4) (Implementing API version 1.20.4-R0.1-SNAPSHOT)
[11:37:20] [Server thread/INFO]: Debug logging is disabled
[11:37:20] [Server thread/INFO]: Server Ping Player Sample Count: 12
[11:37:20] [Server thread/INFO]: Using 4 threads for Netty based IO
[11:37:20] [Server thread/INFO]: Default game type: SURVIVAL
[11:37:20] [Server thread/INFO]: Generating keypair
[11:37:20] [Server thread/INFO]: Starting Minecraft server on *:25565
[11:37:20] [Server thread/INFO]: Using default channel type
[11:37:21] [Server thread/INFO]: [JoinOut] Loading JoinOut v1.0-SNAPSHOT
[11:37:21] [Server thread/INFO]: Preparing level "world"
[11:37:21] [Server thread/INFO]: -------- World Settings For [world] --------
[11:37:21] [Server thread/INFO]: Item Merge Radius: 2.5
[11:37:21] [Server thread/INFO]: Item Despawn Rate: 6000
[11:37:21] [Server thread/INFO]: View Distance: 10
[11:37:21] [Server thread/INFO]: Simulation Distance: 10
[11:37:21] [Server thread/INFO]: Allow Zombie Pigmen to spawn from portal blocks: true
[11:37:21] [Server thread/INFO]: Nerfing mobs spawned from spawners: false
[11:37:21] [Server thread/INFO]: Arrow Despawn Rate: 1200 Trident Respawn Rate:1200
[11:37:21] [Server thread/INFO]: Zombie Aggressive Towards Villager: true
[11:37:21] [Server thread/INFO]: Max TNT Explosions: 100
[11:37:21] [Server thread/INFO]: Tile Max Tick Time: 50ms Entity max Tick Time: 50ms
[11:37:21] [Server thread/INFO]: Experience Merge Radius: 3.0
[11:37:21] [Server thread/INFO]: Mob Spawn Range: 6
[11:37:21] [Server thread/INFO]: Cactus Growth Modifier: 100%
[11:37:21] [Server thread/INFO]: Cane Growth Modifier: 100%
[11:37:21] [Server thread/INFO]: Melon Growth Modifier: 100%
[11:37:21] [Server thread/INFO]: Mushroom Growth Modifier: 100%
[11:37:21] [Server thread/INFO]: Pumpkin Growth Modifier: 100%
[11:37:21] [Server thread/INFO]: Sapling Growth Modifier: 100%
[11:37:21] [Server thread/INFO]: Beetroot Growth Modifier: 100%
[11:37:21] [Server thread/INFO]: Carrot Growth Modifier: 100%
[11:37:21] [Server thread/INFO]: Potato Growth Modifier: 100%
[11:37:21] [Server thread/INFO]: Wheat Growth Modifier: 100%
[11:37:21] [Server thread/INFO]: NetherWart Growth Modifier: 100%
[11:37:21] [Server thread/INFO]: Vine Growth Modifier: 100%
[11:37:21] [Server thread/INFO]: Cocoa Growth Modifier: 100%
[11:37:21] [Server thread/INFO]: Bamboo Growth Modifier: 100%
[11:37:21] [Server thread/INFO]: SweetBerry Growth Modifier: 100%
[11:37:21] [Server thread/INFO]: Kelp Growth Modifier: 100%
[11:37:21] [Server thread/INFO]: TwistingVines Growth Modifier: 100%
[11:37:21] [Server thread/INFO]: WeepingVines Growth Modifier: 100%
[11:37:21] [Server thread/INFO]: CaveVines Growth Modifier: 100%
[11:37:21] [Server thread/INFO]: Entity Activation Range: An 32 / Mo 32 / Ra 48 / Mi 16 / Tiv true / Isa false
[11:37:21] [Server thread/INFO]: Hopper Transfer: 8 Hopper Check: 1 Hopper Amount: 1 Hopper Can Load Chunks: false
[11:37:21] [Server thread/INFO]: Entity Tracking Range: Pl 48 / An 48 / Mo 48 / Mi 32 / Di 128 / Other 64
[11:37:21] [Server thread/INFO]: Custom Map Seeds:  Village: 10387312 Desert: 14357617 Igloo: 14357618 Jungle: 14357619 Swamp: 14357620 Monument: 10387313 Ocean: 14357621 Shipwreck: 165745295 End City: 10387313 Slime: 987234911 Nether: 30084232 Mansion: 10387319 Fossil: 14357921 Portal: 34222645
[11:37:21] [Server thread/INFO]: -------- World Settings For [world_nether] --------
[11:37:21] [Server thread/INFO]: Item Merge Radius: 2.5
[11:37:21] [Server thread/INFO]: Item Despawn Rate: 6000
[11:37:21] [Server thread/INFO]: View Distance: 10
[11:37:21] [Server thread/INFO]: Simulation Distance: 10
[11:37:21] [Server thread/INFO]: Allow Zombie Pigmen to spawn from portal blocks: true
[11:37:21] [Server thread/INFO]: Nerfing mobs spawned from spawners: false
[11:37:21] [Server thread/INFO]: Arrow Despawn Rate: 1200 Trident Respawn Rate:1200
[11:37:21] [Server thread/INFO]: Zombie Aggressive Towards Villager: true
[11:37:21] [Server thread/INFO]: Max TNT Explosions: 100
[11:37:21] [Server thread/INFO]: Tile Max Tick Time: 50ms Entity max Tick Time: 50ms
[11:37:21] [Server thread/INFO]: Experience Merge Radius: 3.0
[11:37:21] [Server thread/INFO]: Mob Spawn Range: 6
[11:37:21] [Server thread/INFO]: Cactus Growth Modifier: 100%
[11:37:21] [Server thread/INFO]: Cane Growth Modifier: 100%
[11:37:21] [Server thread/INFO]: Melon Growth Modifier: 100%
[11:37:21] [Server thread/INFO]: Mushroom Growth Modifier: 100%
[11:37:21] [Server thread/INFO]: Pumpkin Growth Modifier: 100%
[11:37:21] [Server thread/INFO]: Sapling Growth Modifier: 100%
[11:37:21] [Server thread/INFO]: Beetroot Growth Modifier: 100%
[11:37:21] [Server thread/INFO]: Carrot Growth Modifier: 100%
[11:37:21] [Server thread/INFO]: Potato Growth Modifier: 100%
[11:37:21] [Server thread/INFO]: Wheat Growth Modifier: 100%
[11:37:21] [Server thread/INFO]: NetherWart Growth Modifier: 100%
[11:37:21] [Server thread/INFO]: Vine Growth Modifier: 100%
[11:37:21] [Server thread/INFO]: Cocoa Growth Modifier: 100%
[11:37:21] [Server thread/INFO]: Bamboo Growth Modifier: 100%
[11:37:21] [Server thread/INFO]: SweetBerry Growth Modifier: 100%
[11:37:21] [Server thread/INFO]: Kelp Growth Modifier: 100%
[11:37:21] [Server thread/INFO]: TwistingVines Growth Modifier: 100%
[11:37:21] [Server thread/INFO]: WeepingVines Growth Modifier: 100%
[11:37:21] [Server thread/INFO]: CaveVines Growth Modifier: 100%
[11:37:21] [Server thread/INFO]: Entity Activation Range: An 32 / Mo 32 / Ra 48 / Mi 16 / Tiv true / Isa false
[11:37:21] [Server thread/INFO]: Hopper Transfer: 8 Hopper Check: 1 Hopper Amount: 1 Hopper Can Load Chunks: false
[11:37:21] [Server thread/INFO]: Entity Tracking Range: Pl 48 / An 48 / Mo 48 / Mi 32 / Di 128 / Other 64
[11:37:21] [Server thread/INFO]: Custom Map Seeds:  Village: 10387312 Desert: 14357617 Igloo: 14357618 Jungle: 14357619 Swamp: 14357620 Monument: 10387313 Ocean: 14357621 Shipwreck: 165745295 End City: 10387313 Slime: 987234911 Nether: 30084232 Mansion: 10387319 Fossil: 14357921 Portal: 34222645
[11:37:22] [Server thread/INFO]: -------- World Settings For [world_the_end] --------
[11:37:22] [Server thread/INFO]: Item Merge Radius: 2.5
[11:37:22] [Server thread/INFO]: Item Despawn Rate: 6000
[11:37:22] [Server thread/INFO]: View Distance: 10
[11:37:22] [Server thread/INFO]: Simulation Distance: 10
[11:37:22] [Server thread/INFO]: Allow Zombie Pigmen to spawn from portal blocks: true
[11:37:22] [Server thread/INFO]: Nerfing mobs spawned from spawners: false
[11:37:22] [Server thread/INFO]: Arrow Despawn Rate: 1200 Trident Respawn Rate:1200
[11:37:22] [Server thread/INFO]: Zombie Aggressive Towards Villager: true
[11:37:22] [Server thread/INFO]: Max TNT Explosions: 100
[11:37:22] [Server thread/INFO]: Tile Max Tick Time: 50ms Entity max Tick Time: 50ms
[11:37:22] [Server thread/INFO]: Experience Merge Radius: 3.0
[11:37:22] [Server thread/INFO]: Mob Spawn Range: 6
[11:37:22] [Server thread/INFO]: Cactus Growth Modifier: 100%
[11:37:22] [Server thread/INFO]: Cane Growth Modifier: 100%
[11:37:22] [Server thread/INFO]: Melon Growth Modifier: 100%
[11:37:22] [Server thread/INFO]: Mushroom Growth Modifier: 100%
[11:37:22] [Server thread/INFO]: Pumpkin Growth Modifier: 100%
[11:37:22] [Server thread/INFO]: Sapling Growth Modifier: 100%
[11:37:22] [Server thread/INFO]: Beetroot Growth Modifier: 100%
[11:37:22] [Server thread/INFO]: Carrot Growth Modifier: 100%
[11:37:22] [Server thread/INFO]: Potato Growth Modifier: 100%
[11:37:22] [Server thread/INFO]: Wheat Growth Modifier: 100%
[11:37:22] [Server thread/INFO]: NetherWart Growth Modifier: 100%
[11:37:22] [Server thread/INFO]: Vine Growth Modifier: 100%
[11:37:22] [Server thread/INFO]: Cocoa Growth Modifier: 100%
[11:37:22] [Server thread/INFO]: Bamboo Growth Modifier: 100%
[11:37:22] [Server thread/INFO]: SweetBerry Growth Modifier: 100%
[11:37:22] [Server thread/INFO]: Kelp Growth Modifier: 100%
[11:37:22] [Server thread/INFO]: TwistingVines Growth Modifier: 100%
[11:37:22] [Server thread/INFO]: WeepingVines Growth Modifier: 100%
[11:37:22] [Server thread/INFO]: CaveVines Growth Modifier: 100%
[11:37:22] [Server thread/INFO]: Entity Activation Range: An 32 / Mo 32 / Ra 48 / Mi 16 / Tiv true / Isa false
[11:37:22] [Server thread/INFO]: Hopper Transfer: 8 Hopper Check: 1 Hopper Amount: 1 Hopper Can Load Chunks: false
[11:37:22] [Server thread/INFO]: Entity Tracking Range: Pl 48 / An 48 / Mo 48 / Mi 32 / Di 128 / Other 64
[11:37:22] [Server thread/INFO]: Custom Map Seeds:  Village: 10387312 Desert: 14357617 Igloo: 14357618 Jungle: 14357619 Swamp: 14357620 Monument: 10387313 Ocean: 14357621 Shipwreck: 165745295 End City: 10387313 Slime: 987234911 Nether: 30084232 Mansion: 10387319 Fossil: 14357921 Portal: 34222645
[11:37:22] [Server thread/INFO]: Preparing start region for dimension minecraft:overworld
[11:37:24] [Worker-Main-5/INFO]: Preparing spawn area: 0%
[11:37:24] [Worker-Main-2/INFO]: Preparing spawn area: 0%
[11:37:24] [Worker-Main-2/INFO]: Preparing spawn area: 0%
[11:37:24] [Worker-Main-2/INFO]: Preparing spawn area: 0%
[11:37:24] [Worker-Main-2/INFO]: Preparing spawn area: 0%
[11:37:25] [Worker-Main-1/INFO]: Preparing spawn area: 3%
[11:37:25] [Worker-Main-2/INFO]: Preparing spawn area: 14%
[11:37:26] [Worker-Main-3/INFO]: Preparing spawn area: 37%
[11:37:28] [Worker-Main-1/INFO]: Preparing spawn area: 41%
[11:37:28] [Worker-Main-1/INFO]: Preparing spawn area: 41%
[11:37:28] [Worker-Main-1/INFO]: Preparing spawn area: 41%
[11:37:28] [Worker-Main-1/INFO]: Preparing spawn area: 41%
[11:37:28] [Worker-Main-1/INFO]: Preparing spawn area: 41%
[11:37:29] [Worker-Main-2/INFO]: Preparing spawn area: 68%
[11:37:29] [Worker-Main-1/INFO]: Preparing spawn area: 71%
[11:37:29] [Worker-Main-2/INFO]: Preparing spawn area: 83%
[11:37:30] [Worker-Main-1/INFO]: Preparing spawn area: 83%
[11:37:31] [Worker-Main-1/INFO]: Preparing spawn area: 86%
[11:37:31] [Worker-Main-5/INFO]: Preparing spawn area: 90%
[11:37:31] [Worker-Main-4/INFO]: Preparing spawn area: 94%
[11:37:32] [Server thread/INFO]: Time elapsed: 9939 ms
[11:37:32] [Server thread/INFO]: Preparing start region for dimension minecraft:the_nether
[11:37:33] [Worker-Main-3/INFO]: Preparing spawn area: 0%
[11:37:33] [Worker-Main-3/INFO]: Preparing spawn area: 0%
[11:37:33] [Worker-Main-3/INFO]: Preparing spawn area: 0%
[11:37:33] [Worker-Main-1/INFO]: Preparing spawn area: 2%
[11:37:34] [Worker-Main-1/INFO]: Preparing spawn area: 62%
[11:37:35] [Worker-Main-4/INFO]: Preparing spawn area: 68%
[11:37:35] [Worker-Main-2/INFO]: Preparing spawn area: 72%
[11:37:35] [Worker-Main-2/INFO]: Preparing spawn area: 80%
[11:37:36] [Worker-Main-2/INFO]: Preparing spawn area: 83%
[11:37:36] [Worker-Main-2/INFO]: Preparing spawn area: 87%
[11:37:37] [Worker-Main-2/INFO]: Preparing spawn area: 91%
[11:37:37] [Worker-Main-5/INFO]: Preparing spawn area: 97%
[11:37:38] [Server thread/INFO]: Time elapsed: 5639 ms
[11:37:38] [Server thread/INFO]: Preparing start region for dimension minecraft:the_end
[11:37:39] [Worker-Main-5/INFO]: Preparing spawn area: 0%
[11:37:39] [Worker-Main-5/INFO]: Preparing spawn area: 0%
[11:37:39] [Worker-Main-5/INFO]: Preparing spawn area: 0%
[11:37:39] [Worker-Main-1/INFO]: Preparing spawn area: 77%
[11:37:39] [Server thread/INFO]: Time elapsed: 1794 ms
[11:37:39] [Server thread/INFO]: [JoinOut] Enabling JoinOut v1.0-SNAPSHOT
[11:37:39] [Server thread/INFO]: [JoinOut] §aJoinOut Plugin 이(가) 활성화 되었습니다.
[11:37:39] [Server thread/INFO]: Server permissions file permissions.yml is empty, ignoring it
[11:37:39] [Server thread/INFO]: Done (18.926s)! For help, type "help"
